e:\duilib-master\duilib-master\duilib\build\debug\duilib.pch
e:\duilib-master\duilib-master\duilib\x64\debug\vc120.pdb
e:\duilib-master\duilib-master\duilib\x64\debug\stdafx.obj
e:\duilib-master\duilib-master\duilib\x64\debug\uicombo.obj
e:\duilib-master\duilib-master\duilib\x64\debug\uicheckbox.obj
e:\duilib-master\duilib-master\duilib\x64\debug\uibutton.obj
e:\duilib-master\duilib-master\duilib\x64\debug\uiactivex.obj
e:\duilib-master\duilib-master\duilib\x64\debug\uiverticallayout.obj
e:\duilib-master\duilib-master\duilib\x64\debug\uitilelayout.obj
e:\duilib-master\duilib-master\duilib\x64\debug\uitablayout.obj
e:\duilib-master\duilib-master\duilib\x64\debug\uihorizontallayout.obj
e:\duilib-master\duilib-master\duilib\x64\debug\uichildlayout.obj
e:\duilib-master\duilib-master\duilib\x64\debug\uirender.obj
e:\duilib-master\duilib-master\duilib\x64\debug\uimarkup.obj
e:\duilib-master\duilib-master\duilib\x64\debug\uimanager.obj
e:\duilib-master\duilib-master\duilib\x64\debug\uidlgbuilder.obj
e:\duilib-master\duilib-master\duilib\x64\debug\uicontrol.obj
e:\duilib-master\duilib-master\duilib\x64\debug\uicontainer.obj
e:\duilib-master\duilib-master\duilib\x64\debug\uibase.obj
e:\duilib-master\duilib-master\duilib\x64\debug\utils.obj
e:\duilib-master\duilib-master\duilib\x64\debug\uidelegate.obj
e:\duilib-master\duilib-master\duilib\x64\debug\winimplbase.obj
e:\duilib-master\duilib-master\duilib\x64\debug\uilib.obj
e:\duilib-master\duilib-master\duilib\x64\debug\uiwebbrowser.obj
e:\duilib-master\duilib-master\duilib\x64\debug\uitreeview.obj
e:\duilib-master\duilib-master\duilib\x64\debug\uitext.obj
e:\duilib-master\duilib-master\duilib\x64\debug\uislider.obj
e:\duilib-master\duilib-master\duilib\x64\debug\uiscrollbar.obj
e:\duilib-master\duilib-master\duilib\x64\debug\uirichedit.obj
e:\duilib-master\duilib-master\duilib\x64\debug\uiprogress.obj
e:\duilib-master\duilib-master\duilib\x64\debug\uioption.obj
e:\duilib-master\duilib-master\duilib\x64\debug\uilist.obj
e:\duilib-master\duilib-master\duilib\x64\debug\uilabel.obj
e:\duilib-master\duilib-master\duilib\x64\debug\uiedit.obj
e:\duilib-master\duilib-master\duilib\x64\debug\uidatetime.obj
e:\duilib-master\duilib-master\duilib\x64\debug\uicombobox.obj
e:\duilib-master\duilib-master\duilib\x64\debug\stb_image.obj
e:\duilib-master\duilib-master\duilib\x64\debug\xunzip.obj
e:\duilib-master\duilib-master\lib\duilib_d.lib
e:\duilib-master\duilib-master\lib\duilib_d.exp
e:\duilib-master\duilib-master\bin\duilib_d.dll
e:\duilib-master\duilib-master\x64\debug\duilib.pdb
e:\duilib-master\duilib-master\duilib\x64\debug\duilib.tlog\cl.command.1.tlog
e:\duilib-master\duilib-master\duilib\x64\debug\duilib.tlog\cl.read.1.tlog
e:\duilib-master\duilib-master\duilib\x64\debug\duilib.tlog\cl.write.1.tlog
e:\duilib-master\duilib-master\duilib\x64\debug\duilib.tlog\duilib.write.1u.tlog
e:\duilib-master\duilib-master\duilib\x64\debug\duilib.tlog\link.command.1.tlog
e:\duilib-master\duilib-master\duilib\x64\debug\duilib.tlog\link.read.1.tlog
e:\duilib-master\duilib-master\duilib\x64\debug\duilib.tlog\link.write.1.tlog
